15:49:25:978 [ALWAYS]	GUDE Logging Started
15:49:25:979 [INFO]	SqliteResumeCache::SqliteResumeCache basedirectory is null/empty
15:49:25:979 [ERROR]	SqliteResumeCache::CreateSqliteResumeCache creating resume cache pointer failure
15:49:25:979 [ERROR]	Initialize resume cache pointer failure
15:49:25:979 [INFO]	gude policy POLICY_USER limit (2,2,1) chunk 2097152, chunking (UL 0 DL 1), resXfer 1, adapt 0, NSURL 0, timeout 86400 
15:49:25:979 [INFO]	Initialized -- gude-lib version: v0.12.1 app: gude
15:49:27:867 [WARN]	Ignoring attempt to reinit logging to \gude at level 4 retaining 3 days of logs
15:49:27:867 [INFO]	SqliteResumeCache::SqliteResumeCache basedirectory is null/empty
15:49:27:867 [ERROR]	SqliteResumeCache::CreateSqliteResumeCache creating resume cache pointer failure
15:49:27:867 [ERROR]	Initialize resume cache pointer failure
15:49:27:867 [INFO]	gude policy POLICY_USER limit (4,4,1) chunk 2097152, chunking (UL 0 DL 1), resXfer 1, adapt 0, NSURL 1, timeout 86400 
15:49:27:867 [INFO]	Initialized -- gude-lib version: v0.12.1 app: gude
15:53:06:559 [ALWAYS]	GUDE Logging Started
15:53:06:560 [INFO]	SqliteResumeCache::SqliteResumeCache basedirectory is null/empty
15:53:06:560 [ERROR]	SqliteResumeCache::CreateSqliteResumeCache creating resume cache pointer failure
15:53:06:560 [ERROR]	Initialize resume cache pointer failure
15:53:06:560 [INFO]	gude policy POLICY_USER limit (2,2,1) chunk 2097152, chunking (UL 0 DL 1), resXfer 1, adapt 0, NSURL 0, timeout 86400 
15:53:06:560 [INFO]	Initialized -- gude-lib version: v0.12.1 app: gude
15:53:07:944 [WARN]	Ignoring attempt to reinit logging to \gude at level 4 retaining 3 days of logs
15:53:07:944 [INFO]	SqliteResumeCache::SqliteResumeCache basedirectory is null/empty
15:53:07:944 [ERROR]	SqliteResumeCache::CreateSqliteResumeCache creating resume cache pointer failure
15:53:07:944 [ERROR]	Initialize resume cache pointer failure
15:53:07:944 [INFO]	gude policy POLICY_USER limit (4,4,1) chunk 2097152, chunking (UL 0 DL 1), resXfer 1, adapt 0, NSURL 1, timeout 86400 
15:53:07:944 [INFO]	Initialized -- gude-lib version: v0.12.1 app: gude
